<?xml version="1.0" encoding="UTF-8"?>
<!-- Generated by org.testng.reporters.JUnitReportReporter -->
<testsuite hostname="Anurag-PC" name="com.project.testexec.log4j_exec" tests="1" failures="0" timestamp="11 Dec 2017 07:39:58 GMT" time="20.712" errors="0">
  <testcase name="log4jj" time="20.712" classname="com.project.testexec.log4j_exec"/>
</testsuite> <!-- com.project.testexec.log4j_exec -->
