<?xml version="1.0" encoding="UTF-8"?>
<!-- Generated by org.testng.reporters.JUnitReportReporter -->
<testsuite hostname="Anurag-PC" name="com.project.testexec.hybrid_exec" tests="1" failures="0" timestamp="6 Dec 2017 09:28:50 GMT" time="41.397" errors="0">
  <testcase name="hybrid_frame_exec" time="41.397" classname="com.project.testexec.hybrid_exec"/>
</testsuite> <!-- com.project.testexec.hybrid_exec -->
