<?xml version="1.0" encoding="UTF-8"?>
<!-- Generated by org.testng.reporters.JUnitReportReporter -->
<testsuite hostname="Anurag-PC" name="com.project.testexec.key_frame" tests="1" failures="0" timestamp="4 Dec 2017 13:03:13 GMT" time="17.921" errors="0">
  <testcase name="f" time="17.921" classname="com.project.testexec.key_frame"/>
</testsuite> <!-- com.project.testexec.key_frame -->
