<?xml version="1.0" encoding="UTF-8"?>
<!-- Generated by org.testng.reporters.JUnitReportReporter -->
<testsuite hostname="Anurag-PC" name="com.project.testexec.POM_exec" tests="1" failures="0" timestamp="7 Dec 2017 09:45:45 GMT" time="17.072" errors="0">
  <testcase name="f" time="17.072" classname="com.project.testexec.POM_exec"/>
</testsuite> <!-- com.project.testexec.POM_exec -->
