<?xml version="1.0" encoding="UTF-8"?>
<!-- Generated by org.testng.reporters.JUnitReportReporter -->
<testsuite hostname="Anurag-PC" name="com.project.testexec.test" tests="1" failures="0" timestamp="29 Nov 2017 12:26:17 GMT" time="70.787" errors="0">
  <testcase name="f" time="70.787" classname="com.project.testexec.test"/>
</testsuite> <!-- com.project.testexec.test -->
