<?xml version="1.0" encoding="UTF-8"?>
<!-- Generated by org.testng.reporters.JUnitReportReporter -->
<testsuite hostname="Anurag-PC" name="com.project.testexec.keyword_drivenfrm" tests="1" failures="0" timestamp="4 Dec 2017 11:19:47 GMT" time="23.352" errors="0">
  <testcase name="f" time="23.352" classname="com.project.testexec.keyword_drivenfrm"/>
</testsuite> <!-- com.project.testexec.keyword_drivenfrm -->
