<?xml version="1.0" encoding="UTF-8"?>
<!-- Generated by org.testng.reporters.JUnitReportReporter -->
<testsuite hostname="Anurag-PC" name="com.project.testexec.key_frm_exec" tests="1" failures="0" timestamp="5 Dec 2017 07:24:17 GMT" time="28.337" errors="0">
  <testcase name="f" time="28.337" classname="com.project.testexec.key_frm_exec"/>
</testsuite> <!-- com.project.testexec.key_frm_exec -->
