<?xml version="1.0" encoding="UTF-8"?>
<!-- Generated by org.testng.reporters.JUnitReportReporter -->
<testsuite hostname="Anurag-PC" name="com.project.testexec.datadriven_framewrk" tests="1" failures="0" timestamp="3 Dec 2017 12:46:55 GMT" time="47.947" errors="0">
  <testcase name="f" time="47.947" classname="com.project.testexec.datadriven_framewrk"/>
</testsuite> <!-- com.project.testexec.datadriven_framewrk -->
