<?xml version="1.0" encoding="UTF-8"?>
<!-- Generated by org.testng.reporters.JUnitReportReporter -->
<testsuite hostname="Anurag-PC" name="com.project.testexec.hybrid_exec_frm" tests="1" failures="0" timestamp="7 Dec 2017 05:55:17 GMT" time="29.467" errors="0">
  <testcase name="hybrid_frm" time="29.467" classname="com.project.testexec.hybrid_exec_frm"/>
</testsuite> <!-- com.project.testexec.hybrid_exec_frm -->
