<?xml version="1.0" encoding="UTF-8"?>
<!-- Generated by org.testng.reporters.JUnitReportReporter -->
<testsuite hostname="Anurag-PC" name="com.project.testexec.POM_control_exec" tests="1" failures="0" timestamp="10 Dec 2017 09:21:16 GMT" time="50.286" errors="0">
  <testcase name="pom_exec" time="50.286" classname="com.project.testexec.POM_control_exec"/>
</testsuite> <!-- com.project.testexec.POM_control_exec -->
