<?xml version="1.0" encoding="UTF-8"?>
<!-- Generated by org.testng.reporters.JUnitReportReporter -->
<testsuite hostname="Anurag-PC" name="com.project.testexec.seleniumdb_test" tests="1" failures="0" timestamp="16 Dec 2017 11:52:32 GMT" time="1.487" errors="0">
  <testcase name="db_test" time="1.487" classname="com.project.testexec.seleniumdb_test"/>
</testsuite> <!-- com.project.testexec.seleniumdb_test -->
