<?xml version="1.0" encoding="UTF-8"?>
<!-- Generated by org.testng.reporters.JUnitReportReporter -->
<testsuite hostname="Anurag-PC" name="Testng_package1.excel_poi" tests="1" failures="0" timestamp="18 Nov 2017 14:56:40 GMT" time="17.777" errors="0">
  <testcase name="f" time="17.777" classname="Testng_package1.excel_poi"/>
</testsuite> <!-- Testng_package1.excel_poi -->
