<?xml version="1.0" encoding="UTF-8"?>
<!-- Generated by org.testng.reporters.JUnitReportReporter -->
<testsuite hostname="Anurag-PC" name="Testng_package1.excel_jxl" tests="1" failures="0" timestamp="18 Nov 2017 09:44:41 GMT" time="20.434" errors="0">
  <testcase name="f" time="20.434" classname="Testng_package1.excel_jxl"/>
</testsuite> <!-- Testng_package1.excel_jxl -->
