<?xml version="1.0" encoding="UTF-8"?>
<!-- Generated by org.testng.reporters.JUnitReportReporter -->
<testsuite hostname="Anurag-PC" name="Testng_package1.grid_dataprovider" tests="2" failures="0" timestamp="25 Nov 2017 15:08:00 GMT" time="27.128" errors="0">
  <testcase name="login_test" time="12.863" classname="Testng_package1.grid_dataprovider"/>
  <testcase name="login_test" time="14.265" classname="Testng_package1.grid_dataprovider"/>
</testsuite> <!-- Testng_package1.grid_dataprovider -->
