<?xml version="1.0" encoding="UTF-8"?>
<!-- Generated by org.testng.reporters.JUnitReportReporter -->
<testsuite hostname="Anurag-PC" name="Testng_package1.robot_startbutton" tests="1" failures="0" timestamp="17 Nov 2017 06:34:32 GMT" time="12.294" errors="0">
  <testcase name="f" time="12.294" classname="Testng_package1.robot_startbutton"/>
</testsuite> <!-- Testng_package1.robot_startbutton -->
