<?xml version="1.0" encoding="UTF-8"?>
<!-- Generated by org.testng.reporters.JUnitReportReporter -->
<testsuite hostname="Anurag-PC" name="Testng_package1.robot_uploadfile" tests="1" failures="0" timestamp="17 Nov 2017 07:01:54 GMT" time="27.248" errors="0">
  <testcase name="f" time="27.248" classname="Testng_package1.robot_uploadfile"/>
</testsuite> <!-- Testng_package1.robot_uploadfile -->
