<?xml version="1.0" encoding="UTF-8"?>
<!-- Generated by org.testng.reporters.JUnitReportReporter -->
<testsuite hostname="Anurag-PC" name="Testng_package1.testng_robot" tests="1" failures="0" timestamp="16 Nov 2017 12:18:56 GMT" time="19.577" errors="0">
  <testcase name="f" time="19.577" classname="Testng_package1.testng_robot"/>
</testsuite> <!-- Testng_package1.testng_robot -->
