<?xml version="1.0" encoding="UTF-8"?>
<!-- Generated by org.testng.reporters.JUnitReportReporter -->
<testsuite hostname="Anurag-PC" name="Testng_package1.grid_data_provider" tests="2" failures="0" timestamp="26 Nov 2017 09:44:09 GMT" time="77.599" errors="0">
  <testcase name="fb_login" time="19.167" classname="Testng_package1.grid_data_provider"/>
  <testcase name="fb_login" time="58.432" classname="Testng_package1.grid_data_provider"/>
</testsuite> <!-- Testng_package1.grid_data_provider -->
