<?xml version="1.0" encoding="UTF-8"?>
<!-- Generated by org.testng.reporters.JUnitReportReporter -->
<testsuite hostname="Anurag-PC" name="Testng_package1.scroll_down" tests="1" failures="0" timestamp="14 Nov 2017 12:26:02 GMT" time="14.720" errors="0">
  <testcase name="f" time="14.720" classname="Testng_package1.scroll_down"/>
</testsuite> <!-- Testng_package1.scroll_down -->
