<?xml version="1.0" encoding="UTF-8"?>
<!-- Generated by org.testng.reporters.JUnitReportReporter -->
<testsuite hostname="Anurag-PC" name="Testng_package1.autoit_uploadfile" tests="1" failures="0" timestamp="15 Nov 2017 09:51:05 GMT" time="21.425" errors="0">
  <testcase name="f" time="21.425" classname="Testng_package1.autoit_uploadfile"/>
</testsuite> <!-- Testng_package1.autoit_uploadfile -->
