<?xml version="1.0" encoding="UTF-8"?>
<!-- Generated by org.testng.reporters.JUnitReportReporter -->
<testsuite hostname="Anurag-PC" name="Testng_package1.excel_forloop" tests="1" failures="0" timestamp="19 Nov 2017 12:25:46 GMT" time="1.138" errors="0">
  <testcase name="f" time="1.138" classname="Testng_package1.excel_forloop"/>
</testsuite> <!-- Testng_package1.excel_forloop -->
