<?xml version="1.0" encoding="UTF-8"?>
<!-- Generated by org.testng.reporters.JUnitReportReporter -->
<testsuite hostname="Anurag-PC" name="Testng_package1.java_scriptexe" tests="1" failures="0" timestamp="14 Nov 2017 05:38:34 GMT" time="11.410" errors="0">
  <testcase name="f" time="11.410" classname="Testng_package1.java_scriptexe"/>
</testsuite> <!-- Testng_package1.java_scriptexe -->
