<?xml version="1.0" encoding="UTF-8"?>
<!-- Generated by org.testng.reporters.JUnitReportReporter -->
<testsuite hostname="Anurag-PC" name="Testng_package1.excel_login_file" tests="1" failures="0" timestamp="21 Nov 2017 08:00:47 GMT" time="16.867" errors="0">
  <testcase name="f" time="16.867" classname="Testng_package1.excel_login_file"/>
</testsuite> <!-- Testng_package1.excel_login_file -->
