<?xml version="1.0" encoding="UTF-8"?>
<!-- Generated by org.testng.reporters.JUnitReportReporter -->
<testsuite hostname="Anurag-PC" name="Testng_package1.grid_singlebr_chrome" tests="2" failures="0" timestamp="25 Nov 2017 13:41:45 GMT" time="26.287" errors="0">
  <testcase name="grid_browser" time="10.210" classname="Testng_package1.grid_singlebr_chrome"/>
  <testcase name="grid_browser" time="16.077" classname="Testng_package1.grid_singlebr_chrome"/>
</testsuite> <!-- Testng_package1.grid_singlebr_chrome -->
