<?xml version="1.0" encoding="UTF-8"?>
<!-- Generated by org.testng.reporters.JUnitReportReporter -->
<testsuite hostname="Anurag-PC" name="Testng_package1.NewTest" tests="3" failures="0" timestamp="13 Nov 2017 11:28:59 GMT" time="0.017" errors="0">
  <testcase name="f" time="0.010" classname="Testng_package1.NewTest"/>
  <testcase name="z" time="0.004" classname="Testng_package1.NewTest"/>
  <testcase name="a" time="0.003" classname="Testng_package1.NewTest"/>
</testsuite> <!-- Testng_package1.NewTest -->
