<?xml version="1.0" encoding="UTF-8"?>
<!-- Generated by org.testng.reporters.JUnitReportReporter -->
<testsuite hostname="Anurag-PC" name="Testng_package1.robot_mousewheel" tests="1" failures="0" timestamp="18 Nov 2017 08:45:27 GMT" time="20.637" errors="0">
  <testcase name="f" time="20.637" classname="Testng_package1.robot_mousewheel"/>
</testsuite> <!-- Testng_package1.robot_mousewheel -->
