<?xml version="1.0" encoding="UTF-8"?>
<!-- Generated by org.testng.reporters.JUnitReportReporter -->
<testsuite hostname="Anurag-PC" name="Testng_package1.grid_singlebr" tests="1" failures="0" timestamp="24 Nov 2017 12:11:16 GMT" time="19.056" errors="0">
  <testcase name="f" time="19.056" classname="Testng_package1.grid_singlebr"/>
</testsuite> <!-- Testng_package1.grid_singlebr -->
