<?xml version="1.0" encoding="UTF-8"?>
<!-- Generated by org.testng.reporters.JUnitReportReporter -->
<testsuite hostname="Anurag-PC" name="Testng_package1.autoit_downloadfile" tests="1" failures="0" timestamp="16 Nov 2017 06:48:03 GMT" time="12.671" errors="0">
  <testcase name="f" time="12.671" classname="Testng_package1.autoit_downloadfile"/>
</testsuite> <!-- Testng_package1.autoit_downloadfile -->
