<?xml version="1.0" encoding="UTF-8"?>
<!-- Generated by org.testng.reporters.JUnitReportReporter -->
<testsuite hostname="Anurag-PC" name="Testng_package1.datepicker_jse" tests="1" failures="0" timestamp="29 Nov 2017 07:39:49 GMT" time="47.445" errors="0">
  <testcase name="f" time="47.445" classname="Testng_package1.datepicker_jse"/>
</testsuite> <!-- Testng_package1.datepicker_jse -->
