<?xml version="1.0" encoding="UTF-8"?>
<!-- Generated by org.testng.reporters.JUnitReportReporter -->
<testsuite hostname="Anurag-PC" name="Testng_package1.NewTest2" tests="2" failures="0" timestamp="13 Nov 2017 12:35:09 GMT" time="0.011" errors="0">
  <testcase name="f" time="0.009" classname="Testng_package1.NewTest2"/>
  <testcase name="a" time="0.002" classname="Testng_package1.NewTest2"/>
</testsuite> <!-- Testng_package1.NewTest2 -->
