<?xml version="1.0" encoding="UTF-8"?>
<!-- Generated by org.testng.reporters.JUnitReportReporter -->
<testsuite hostname="Anurag-PC" name="Testng_package1.txtbox_txtbutn_jse" tests="1" failures="0" timestamp="29 Nov 2017 08:11:20 GMT" time="29.246" errors="0">
  <testcase name="f" time="29.246" classname="Testng_package1.txtbox_txtbutn_jse"/>
</testsuite> <!-- Testng_package1.txtbox_txtbutn_jse -->
