<?xml version="1.0" encoding="UTF-8"?>
<!-- Generated by org.testng.reporters.JUnitReportReporter -->
<testsuite hostname="Anurag-PC" name="Testng_package1.date_picker" tests="1" failures="0" timestamp="15 Nov 2017 07:14:19 GMT" time="16.790" errors="0">
  <testcase name="calenderTest" time="16.790" classname="Testng_package1.date_picker"/>
</testsuite> <!-- Testng_package1.date_picker -->
