<?xml version="1.0" encoding="UTF-8"?>
<!-- Generated by org.testng.reporters.JUnitReportReporter -->
<testsuite hostname="Anurag-PC" name="Testng_package1.excel_exp_act" tests="1" failures="0" timestamp="20 Nov 2017 10:01:38 GMT" time="55.187" errors="0">
  <testcase name="f" time="55.187" classname="Testng_package1.excel_exp_act"/>
</testsuite> <!-- Testng_package1.excel_exp_act -->
